<?xml version="1.0" encoding="UTF-8"?>
<!-- Generated by org.testng.reporters.JUnitReportReporter -->
<testsuite skipped="0" hostname="INWPF28BMDC-AAD" name="testcases.TestCase01" tests="4" failures="0" timestamp="2020-08-13T08:33:28 IST" time="0.822" errors="0">
  <testcase name="verifyPageValue" time="0.030" classname="testcases.TestCase01"/>
  <system-out/>
  <testcase name="verifyHeaderServer" time="0.002" classname="testcases.TestCase01"/>
  <system-out/>
  <testcase name="verifyStatusCode" time="0.002" classname="testcases.TestCase01"/>
  <system-out/>
  <testcase name="verifyFirstName" time="0.788" classname="testcases.TestCase01"/>
  <system-out/>
</testsuite> <!-- testcases.TestCase01 -->
