<?xml version="1.0" encoding="UTF-8"?>
<!-- Generated by org.testng.reporters.JUnitReportReporter -->
<testsuite skipped="0" hostname="INWPF28BMDC-AAD" name="testcases.TestCase" tests="2" failures="0" timestamp="2020-08-13T07:59:17 IST" time="0.016" errors="0">
  <testcase name="validateHeaderServer" time="0.014" classname="testcases.TestCase"/>
  <system-out/>
  <testcase name="validateStatusCode" time="0.002" classname="testcases.TestCase"/>
  <system-out/>
</testsuite> <!-- testcases.TestCase -->
