<?xml version="1.0" encoding="UTF-8"?>
<!-- Generated by org.testng.reporters.JUnitReportReporter -->
<testsuite name="testcases.TestCase01" tests="4" time="0.997" ignored="0" failures="0" timestamp="13 Aug 2020 03:09:35 GMT" skipped="0" hostname="INWPF28BMDC-AAD" errors="0">
  <testcase name="verifyHeaderServer" time="0.001" classname="testcases.TestCase01"/>
  <testcase name="verifyStatusCode" time="0.001" classname="testcases.TestCase01"/>
  <testcase name="verifyFirstName" time="0.971" classname="testcases.TestCase01"/>
  <testcase name="verifyPageValue" time="0.024" classname="testcases.TestCase01"/>
</testsuite> <!-- testcases.TestCase01 -->
